0 info it worked if it ends with ok
1 verbose cli [ '/usr/local/bin/node',
1 verbose cli   '/usr/local/bin/npm',
1 verbose cli   'run',
1 verbose cli   'build',
1 verbose cli   '--scripts-prepend-node-path=auto' ]
2 info using npm@3.10.3
3 info using node@v6.5.0
4 verbose run-script [ 'prebuild', 'build', 'postbuild' ]
5 info lifecycle firstSalt@1.0.0~prebuild: firstSalt@1.0.0
6 silly lifecycle firstSalt@1.0.0~prebuild: no script for prebuild, continuing
7 info lifecycle firstSalt@1.0.0~build: firstSalt@1.0.0
8 verbose lifecycle firstSalt@1.0.0~build: unsafe-perm in lifecycle true
9 verbose lifecycle firstSalt@1.0.0~build: PATH: /usr/local/lib/node_modules/npm/bin/node-gyp-bin:/Users/liuzheng/Documents/ding-fm-master/node_modules/.bin:/usr/local/bin:/node_modules/.bin:/Applications/NowaGUI.app/Contents/MacOS:/Library/Frameworks/Python.framework/Versions/3.6/bin:/Library/Frameworks/Python.framework/Versions/3.6/bin:/usr/local/bin:/usr/bin:/bin:/usr/sbin:/sbin:/node_modules/.bin:/Applications/NowaGUI.app/Contents/MacOS:/Applications/NowaGUI.app/Contents/Resources/app/nodes:/Users/liuzheng/.nowa-gui/installation/node_modules/.bin:/Applications/NowaGUI.app/Contents/Resources/app/node_modules/.bin:/Users/liuzheng/.nowa-gui/installation/node_modules/.bin:/Applications/NowaGUI.app/Contents/Resources/app/nodes:/Applications/NowaGUI.app/Contents/Resources/app/node_modules/.bin:/usr/local/bin
10 verbose lifecycle firstSalt@1.0.0~build: CWD: /Users/liuzheng/Documents/ding-fm-master
11 silly lifecycle firstSalt@1.0.0~build: Args: [ '-c', 'nowa build' ]
12 silly lifecycle firstSalt@1.0.0~build: Returned: code: 1  signal: null
13 info lifecycle firstSalt@1.0.0~build: Failed to exec build script
14 verbose stack Error: firstSalt@1.0.0 build: `nowa build`
14 verbose stack Exit status 1
14 verbose stack     at EventEmitter.<anonymous> (/usr/local/lib/node_modules/npm/lib/utils/lifecycle.js:242:16)
14 verbose stack     at emitTwo (events.js:106:13)
14 verbose stack     at EventEmitter.emit (events.js:191:7)
14 verbose stack     at ChildProcess.<anonymous> (/usr/local/lib/node_modules/npm/lib/utils/spawn.js:40:14)
14 verbose stack     at emitTwo (events.js:106:13)
14 verbose stack     at ChildProcess.emit (events.js:191:7)
14 verbose stack     at maybeClose (internal/child_process.js:877:16)
14 verbose stack     at Process.ChildProcess._handle.onexit (internal/child_process.js:226:5)
15 verbose pkgid firstSalt@1.0.0
16 verbose cwd /Users/liuzheng/Documents/ding-fm-master
17 error Darwin 17.7.0
18 error argv "/usr/local/bin/node" "/usr/local/bin/npm" "run" "build" "--scripts-prepend-node-path=auto"
19 error node v6.5.0
20 error npm  v3.10.3
21 error code ELIFECYCLE
22 error firstSalt@1.0.0 build: `nowa build`
22 error Exit status 1
23 error Failed at the firstSalt@1.0.0 build script 'nowa build'.
23 error Make sure you have the latest version of node.js and npm installed.
23 error If you do, this is most likely a problem with the firstSalt package,
23 error not with npm itself.
23 error Tell the author that this fails on your system:
23 error     nowa build
23 error You can get information on how to open an issue for this project with:
23 error     npm bugs firstSalt
23 error Or if that isn't available, you can get their info via:
23 error     npm owner ls firstSalt
23 error There is likely additional logging output above.
24 verbose exit [ 1, true ]
